<?xml version="1.0" encoding="UTF-8"?>
<testsuite xmlns:xsi="http://www.w3.org/2001/XMLSchema-instance" xsi:noNamespaceSchemaLocation="https://maven.apache.org/surefire/maven-surefire-plugin/xsd/surefire-test-report.xsd" name="TestSuite" time="28.122" tests="7" errors="0" skipped="0" failures="1">
  <properties>
    <property name="gopherProxySet" value="false"/>
    <property name="awt.toolkit" value="sun.lwawt.macosx.LWCToolkit"/>
    <property name="file.encoding.pkg" value="sun.io"/>
    <property name="java.specification.version" value="1.8"/>
    <property name="sun.cpu.isalist" value=""/>
    <property name="sun.jnu.encoding" value="UTF-8"/>
    <property name="java.class.path" value="/Users/himarora1/Downloads/qa-test-hf/target/test-classes:/Users/himarora1/Downloads/qa-test-hf/target/classes:/Users/himarora1/.m2/repository/junit/junit/4.11/junit-4.11.jar:/Users/himarora1/.m2/repository/org/hamcrest/hamcrest-core/1.3/hamcrest-core-1.3.jar:/Users/himarora1/.m2/repository/org/seleniumhq/selenium/selenium-java/3.14.0/selenium-java-3.14.0.jar:/Users/himarora1/.m2/repository/org/seleniumhq/selenium/selenium-api/3.14.0/selenium-api-3.14.0.jar:/Users/himarora1/.m2/repository/org/seleniumhq/selenium/selenium-chrome-driver/3.14.0/selenium-chrome-driver-3.14.0.jar:/Users/himarora1/.m2/repository/org/seleniumhq/selenium/selenium-edge-driver/3.14.0/selenium-edge-driver-3.14.0.jar:/Users/himarora1/.m2/repository/org/seleniumhq/selenium/selenium-firefox-driver/3.14.0/selenium-firefox-driver-3.14.0.jar:/Users/himarora1/.m2/repository/org/seleniumhq/selenium/selenium-ie-driver/3.14.0/selenium-ie-driver-3.14.0.jar:/Users/himarora1/.m2/repository/org/seleniumhq/selenium/selenium-opera-driver/3.14.0/selenium-opera-driver-3.14.0.jar:/Users/himarora1/.m2/repository/org/seleniumhq/selenium/selenium-remote-driver/3.14.0/selenium-remote-driver-3.14.0.jar:/Users/himarora1/.m2/repository/org/seleniumhq/selenium/selenium-safari-driver/3.14.0/selenium-safari-driver-3.14.0.jar:/Users/himarora1/.m2/repository/org/seleniumhq/selenium/selenium-support/3.14.0/selenium-support-3.14.0.jar:/Users/himarora1/.m2/repository/net/bytebuddy/byte-buddy/1.8.15/byte-buddy-1.8.15.jar:/Users/himarora1/.m2/repository/org/apache/commons/commons-exec/1.3/commons-exec-1.3.jar:/Users/himarora1/.m2/repository/commons-codec/commons-codec/1.10/commons-codec-1.10.jar:/Users/himarora1/.m2/repository/commons-logging/commons-logging/1.2/commons-logging-1.2.jar:/Users/himarora1/.m2/repository/com/google/guava/guava/25.0-jre/guava-25.0-jre.jar:/Users/himarora1/.m2/repository/com/google/code/findbugs/jsr305/1.3.9/jsr305-1.3.9.jar:/Users/himarora1/.m2/repository/org/checkerframework/checker-compat-qual/2.0.0/checker-compat-qual-2.0.0.jar:/Users/himarora1/.m2/repository/com/google/errorprone/error_prone_annotations/2.1.3/error_prone_annotations-2.1.3.jar:/Users/himarora1/.m2/repository/com/google/j2objc/j2objc-annotations/1.1/j2objc-annotations-1.1.jar:/Users/himarora1/.m2/repository/org/codehaus/mojo/animal-sniffer-annotations/1.14/animal-sniffer-annotations-1.14.jar:/Users/himarora1/.m2/repository/org/apache/httpcomponents/httpclient/4.5.5/httpclient-4.5.5.jar:/Users/himarora1/.m2/repository/org/apache/httpcomponents/httpcore/4.4.9/httpcore-4.4.9.jar:/Users/himarora1/.m2/repository/com/squareup/okhttp3/okhttp/3.10.0/okhttp-3.10.0.jar:/Users/himarora1/.m2/repository/com/squareup/okio/okio/1.14.1/okio-1.14.1.jar:/Users/himarora1/.m2/repository/org/testng/testng/6.14.3/testng-6.14.3.jar:/Users/himarora1/.m2/repository/com/beust/jcommander/1.72/jcommander-1.72.jar:/Users/himarora1/.m2/repository/org/apache-extras/beanshell/bsh/2.0b6/bsh-2.0b6.jar:/Users/himarora1/.m2/repository/org/apache/poi/poi/3.16/poi-3.16.jar:/Users/himarora1/.m2/repository/org/apache/commons/commons-collections4/4.1/commons-collections4-4.1.jar:/Users/himarora1/.m2/repository/org/apache/poi/poi-ooxml/3.16/poi-ooxml-3.16.jar:/Users/himarora1/.m2/repository/org/apache/poi/poi-ooxml-schemas/3.16/poi-ooxml-schemas-3.16.jar:/Users/himarora1/.m2/repository/org/apache/xmlbeans/xmlbeans/2.6.0/xmlbeans-2.6.0.jar:/Users/himarora1/.m2/repository/stax/stax-api/1.0.1/stax-api-1.0.1.jar:/Users/himarora1/.m2/repository/com/github/virtuald/curvesapi/1.04/curvesapi-1.04.jar:/Users/himarora1/.m2/repository/com/aventstack/extentreports/3.1.2/extentreports-3.1.2.jar:/Users/himarora1/.m2/repository/org/freemarker/freemarker/2.3.23/freemarker-2.3.23.jar:/Users/himarora1/.m2/repository/org/mongodb/mongodb-driver/3.3.0/mongodb-driver-3.3.0.jar:/Users/himarora1/.m2/repository/org/mongodb/bson/3.3.0/bson-3.3.0.jar:/Users/himarora1/.m2/repository/org/mongodb/mongodb-driver-core/3.3.0/mongodb-driver-core-3.3.0.jar:/Users/himarora1/.m2/repository/org/apache/httpcomponents/httpmime/4.5.2/httpmime-4.5.2.jar:/Users/himarora1/.m2/repository/org/jsoup/jsoup/1.9.2/jsoup-1.9.2.jar:/Users/himarora1/.m2/repository/com/google/code/gson/gson/2.8.0/gson-2.8.0.jar:/Users/himarora1/.m2/repository/commons-io/commons-io/2.6/commons-io-2.6.jar:/Users/himarora1/.m2/repository/org/apache/commons/commons-lang3/3.9/commons-lang3-3.9.jar:/Users/himarora1/.m2/repository/io/rest-assured/rest-assured/3.0.3/rest-assured-3.0.3.jar:/Users/himarora1/.m2/repository/org/codehaus/groovy/groovy/2.4.9/groovy-2.4.9.jar:/Users/himarora1/.m2/repository/org/codehaus/groovy/groovy-xml/2.4.9/groovy-xml-2.4.9.jar:/Users/himarora1/.m2/repository/org/hamcrest/hamcrest-library/1.3/hamcrest-library-1.3.jar:/Users/himarora1/.m2/repository/org/ccil/cowan/tagsoup/tagsoup/1.2.1/tagsoup-1.2.1.jar:/Users/himarora1/.m2/repository/io/rest-assured/json-path/3.0.3/json-path-3.0.3.jar:/Users/himarora1/.m2/repository/org/codehaus/groovy/groovy-json/2.4.9/groovy-json-2.4.9.jar:/Users/himarora1/.m2/repository/io/rest-assured/rest-assured-common/3.0.3/rest-assured-common-3.0.3.jar:/Users/himarora1/.m2/repository/io/rest-assured/xml-path/3.0.3/xml-path-3.0.3.jar:/Users/himarora1/.m2/repository/io/rest-assured/json-schema-validator/3.0.3/json-schema-validator-3.0.3.jar:/Users/himarora1/.m2/repository/com/github/fge/json-schema-validator/2.2.6/json-schema-validator-2.2.6.jar:/Users/himarora1/.m2/repository/joda-time/joda-time/2.3/joda-time-2.3.jar:/Users/himarora1/.m2/repository/com/googlecode/libphonenumber/libphonenumber/6.2/libphonenumber-6.2.jar:/Users/himarora1/.m2/repository/com/github/fge/json-schema-core/1.2.5/json-schema-core-1.2.5.jar:/Users/himarora1/.m2/repository/com/github/fge/uri-template/0.9/uri-template-0.9.jar:/Users/himarora1/.m2/repository/com/github/fge/msg-simple/1.1/msg-simple-1.1.jar:/Users/himarora1/.m2/repository/com/github/fge/btf/1.2/btf-1.2.jar:/Users/himarora1/.m2/repository/com/github/fge/jackson-coreutils/1.8/jackson-coreutils-1.8.jar:/Users/himarora1/.m2/repository/com/fasterxml/jackson/core/jackson-databind/2.2.3/jackson-databind-2.2.3.jar:/Users/himarora1/.m2/repository/com/fasterxml/jackson/core/jackson-annotations/2.2.3/jackson-annotations-2.2.3.jar:/Users/himarora1/.m2/repository/com/fasterxml/jackson/core/jackson-core/2.2.3/jackson-core-2.2.3.jar:/Users/himarora1/.m2/repository/org/mozilla/rhino/1.7R4/rhino-1.7R4.jar:/Users/himarora1/.m2/repository/javax/mail/mailapi/1.4.3/mailapi-1.4.3.jar:/Users/himarora1/.m2/repository/javax/activation/activation/1.1/activation-1.1.jar:/Users/himarora1/.m2/repository/net/sf/jopt-simple/jopt-simple/4.6/jopt-simple-4.6.jar:"/>
    <property name="java.vm.vendor" value="Oracle Corporation"/>
    <property name="sun.arch.data.model" value="64"/>
    <property name="java.vendor.url" value="http://java.oracle.com/"/>
    <property name="user.timezone" value=""/>
    <property name="java.vm.specification.version" value="1.8"/>
    <property name="os.name" value="Mac OS X"/>
    <property name="user.country" value="IN"/>
    <property name="sun.java.launcher" value="SUN_STANDARD"/>
    <property name="sun.boot.library.path" value="/Library/Java/JavaVirtualMachines/jdk1.8.0_201.jdk/Contents/Home/jre/lib"/>
    <property name="sun.java.command" value="/Users/himarora1/Downloads/qa-test-hf/target/surefire/surefirebooter8315374888791720206.jar /Users/himarora1/Downloads/qa-test-hf/target/surefire 2019-10-09T20-37-09_464-jvmRun1 surefire2911763161233992887tmp surefire_09185415555143395726tmp"/>
    <property name="surefire.test.class.path" value="/Users/himarora1/Downloads/qa-test-hf/target/test-classes:/Users/himarora1/Downloads/qa-test-hf/target/classes:/Users/himarora1/.m2/repository/junit/junit/4.11/junit-4.11.jar:/Users/himarora1/.m2/repository/org/hamcrest/hamcrest-core/1.3/hamcrest-core-1.3.jar:/Users/himarora1/.m2/repository/org/seleniumhq/selenium/selenium-java/3.14.0/selenium-java-3.14.0.jar:/Users/himarora1/.m2/repository/org/seleniumhq/selenium/selenium-api/3.14.0/selenium-api-3.14.0.jar:/Users/himarora1/.m2/repository/org/seleniumhq/selenium/selenium-chrome-driver/3.14.0/selenium-chrome-driver-3.14.0.jar:/Users/himarora1/.m2/repository/org/seleniumhq/selenium/selenium-edge-driver/3.14.0/selenium-edge-driver-3.14.0.jar:/Users/himarora1/.m2/repository/org/seleniumhq/selenium/selenium-firefox-driver/3.14.0/selenium-firefox-driver-3.14.0.jar:/Users/himarora1/.m2/repository/org/seleniumhq/selenium/selenium-ie-driver/3.14.0/selenium-ie-driver-3.14.0.jar:/Users/himarora1/.m2/repository/org/seleniumhq/selenium/selenium-opera-driver/3.14.0/selenium-opera-driver-3.14.0.jar:/Users/himarora1/.m2/repository/org/seleniumhq/selenium/selenium-remote-driver/3.14.0/selenium-remote-driver-3.14.0.jar:/Users/himarora1/.m2/repository/org/seleniumhq/selenium/selenium-safari-driver/3.14.0/selenium-safari-driver-3.14.0.jar:/Users/himarora1/.m2/repository/org/seleniumhq/selenium/selenium-support/3.14.0/selenium-support-3.14.0.jar:/Users/himarora1/.m2/repository/net/bytebuddy/byte-buddy/1.8.15/byte-buddy-1.8.15.jar:/Users/himarora1/.m2/repository/org/apache/commons/commons-exec/1.3/commons-exec-1.3.jar:/Users/himarora1/.m2/repository/commons-codec/commons-codec/1.10/commons-codec-1.10.jar:/Users/himarora1/.m2/repository/commons-logging/commons-logging/1.2/commons-logging-1.2.jar:/Users/himarora1/.m2/repository/com/google/guava/guava/25.0-jre/guava-25.0-jre.jar:/Users/himarora1/.m2/repository/com/google/code/findbugs/jsr305/1.3.9/jsr305-1.3.9.jar:/Users/himarora1/.m2/repository/org/checkerframework/checker-compat-qual/2.0.0/checker-compat-qual-2.0.0.jar:/Users/himarora1/.m2/repository/com/google/errorprone/error_prone_annotations/2.1.3/error_prone_annotations-2.1.3.jar:/Users/himarora1/.m2/repository/com/google/j2objc/j2objc-annotations/1.1/j2objc-annotations-1.1.jar:/Users/himarora1/.m2/repository/org/codehaus/mojo/animal-sniffer-annotations/1.14/animal-sniffer-annotations-1.14.jar:/Users/himarora1/.m2/repository/org/apache/httpcomponents/httpclient/4.5.5/httpclient-4.5.5.jar:/Users/himarora1/.m2/repository/org/apache/httpcomponents/httpcore/4.4.9/httpcore-4.4.9.jar:/Users/himarora1/.m2/repository/com/squareup/okhttp3/okhttp/3.10.0/okhttp-3.10.0.jar:/Users/himarora1/.m2/repository/com/squareup/okio/okio/1.14.1/okio-1.14.1.jar:/Users/himarora1/.m2/repository/org/testng/testng/6.14.3/testng-6.14.3.jar:/Users/himarora1/.m2/repository/com/beust/jcommander/1.72/jcommander-1.72.jar:/Users/himarora1/.m2/repository/org/apache-extras/beanshell/bsh/2.0b6/bsh-2.0b6.jar:/Users/himarora1/.m2/repository/org/apache/poi/poi/3.16/poi-3.16.jar:/Users/himarora1/.m2/repository/org/apache/commons/commons-collections4/4.1/commons-collections4-4.1.jar:/Users/himarora1/.m2/repository/org/apache/poi/poi-ooxml/3.16/poi-ooxml-3.16.jar:/Users/himarora1/.m2/repository/org/apache/poi/poi-ooxml-schemas/3.16/poi-ooxml-schemas-3.16.jar:/Users/himarora1/.m2/repository/org/apache/xmlbeans/xmlbeans/2.6.0/xmlbeans-2.6.0.jar:/Users/himarora1/.m2/repository/stax/stax-api/1.0.1/stax-api-1.0.1.jar:/Users/himarora1/.m2/repository/com/github/virtuald/curvesapi/1.04/curvesapi-1.04.jar:/Users/himarora1/.m2/repository/com/aventstack/extentreports/3.1.2/extentreports-3.1.2.jar:/Users/himarora1/.m2/repository/org/freemarker/freemarker/2.3.23/freemarker-2.3.23.jar:/Users/himarora1/.m2/repository/org/mongodb/mongodb-driver/3.3.0/mongodb-driver-3.3.0.jar:/Users/himarora1/.m2/repository/org/mongodb/bson/3.3.0/bson-3.3.0.jar:/Users/himarora1/.m2/repository/org/mongodb/mongodb-driver-core/3.3.0/mongodb-driver-core-3.3.0.jar:/Users/himarora1/.m2/repository/org/apache/httpcomponents/httpmime/4.5.2/httpmime-4.5.2.jar:/Users/himarora1/.m2/repository/org/jsoup/jsoup/1.9.2/jsoup-1.9.2.jar:/Users/himarora1/.m2/repository/com/google/code/gson/gson/2.8.0/gson-2.8.0.jar:/Users/himarora1/.m2/repository/commons-io/commons-io/2.6/commons-io-2.6.jar:/Users/himarora1/.m2/repository/org/apache/commons/commons-lang3/3.9/commons-lang3-3.9.jar:/Users/himarora1/.m2/repository/io/rest-assured/rest-assured/3.0.3/rest-assured-3.0.3.jar:/Users/himarora1/.m2/repository/org/codehaus/groovy/groovy/2.4.9/groovy-2.4.9.jar:/Users/himarora1/.m2/repository/org/codehaus/groovy/groovy-xml/2.4.9/groovy-xml-2.4.9.jar:/Users/himarora1/.m2/repository/org/hamcrest/hamcrest-library/1.3/hamcrest-library-1.3.jar:/Users/himarora1/.m2/repository/org/ccil/cowan/tagsoup/tagsoup/1.2.1/tagsoup-1.2.1.jar:/Users/himarora1/.m2/repository/io/rest-assured/json-path/3.0.3/json-path-3.0.3.jar:/Users/himarora1/.m2/repository/org/codehaus/groovy/groovy-json/2.4.9/groovy-json-2.4.9.jar:/Users/himarora1/.m2/repository/io/rest-assured/rest-assured-common/3.0.3/rest-assured-common-3.0.3.jar:/Users/himarora1/.m2/repository/io/rest-assured/xml-path/3.0.3/xml-path-3.0.3.jar:/Users/himarora1/.m2/repository/io/rest-assured/json-schema-validator/3.0.3/json-schema-validator-3.0.3.jar:/Users/himarora1/.m2/repository/com/github/fge/json-schema-validator/2.2.6/json-schema-validator-2.2.6.jar:/Users/himarora1/.m2/repository/joda-time/joda-time/2.3/joda-time-2.3.jar:/Users/himarora1/.m2/repository/com/googlecode/libphonenumber/libphonenumber/6.2/libphonenumber-6.2.jar:/Users/himarora1/.m2/repository/com/github/fge/json-schema-core/1.2.5/json-schema-core-1.2.5.jar:/Users/himarora1/.m2/repository/com/github/fge/uri-template/0.9/uri-template-0.9.jar:/Users/himarora1/.m2/repository/com/github/fge/msg-simple/1.1/msg-simple-1.1.jar:/Users/himarora1/.m2/repository/com/github/fge/btf/1.2/btf-1.2.jar:/Users/himarora1/.m2/repository/com/github/fge/jackson-coreutils/1.8/jackson-coreutils-1.8.jar:/Users/himarora1/.m2/repository/com/fasterxml/jackson/core/jackson-databind/2.2.3/jackson-databind-2.2.3.jar:/Users/himarora1/.m2/repository/com/fasterxml/jackson/core/jackson-annotations/2.2.3/jackson-annotations-2.2.3.jar:/Users/himarora1/.m2/repository/com/fasterxml/jackson/core/jackson-core/2.2.3/jackson-core-2.2.3.jar:/Users/himarora1/.m2/repository/org/mozilla/rhino/1.7R4/rhino-1.7R4.jar:/Users/himarora1/.m2/repository/javax/mail/mailapi/1.4.3/mailapi-1.4.3.jar:/Users/himarora1/.m2/repository/javax/activation/activation/1.1/activation-1.1.jar:/Users/himarora1/.m2/repository/net/sf/jopt-simple/jopt-simple/4.6/jopt-simple-4.6.jar:"/>
    <property name="sun.cpu.endian" value="little"/>
    <property name="user.home" value="/Users/himarora1"/>
    <property name="user.language" value="en"/>
    <property name="java.specification.vendor" value="Oracle Corporation"/>
    <property name="java.home" value="/Library/Java/JavaVirtualMachines/jdk1.8.0_201.jdk/Contents/Home/jre"/>
    <property name="basedir" value="/Users/himarora1/Downloads/qa-test-hf"/>
    <property name="file.separator" value="/"/>
    <property name="line.separator" value="&#10;"/>
    <property name="java.vm.specification.vendor" value="Oracle Corporation"/>
    <property name="java.specification.name" value="Java Platform API Specification"/>
    <property name="java.awt.graphicsenv" value="sun.awt.CGraphicsEnvironment"/>
    <property name="surefire.real.class.path" value="/Users/himarora1/Downloads/qa-test-hf/target/surefire/surefirebooter8315374888791720206.jar"/>
    <property name="sun.boot.class.path" value="/Library/Java/JavaVirtualMachines/jdk1.8.0_201.jdk/Contents/Home/jre/lib/resources.jar:/Library/Java/JavaVirtualMachines/jdk1.8.0_201.jdk/Contents/Home/jre/lib/rt.jar:/Library/Java/JavaVirtualMachines/jdk1.8.0_201.jdk/Contents/Home/jre/lib/sunrsasign.jar:/Library/Java/JavaVirtualMachines/jdk1.8.0_201.jdk/Contents/Home/jre/lib/jsse.jar:/Library/Java/JavaVirtualMachines/jdk1.8.0_201.jdk/Contents/Home/jre/lib/jce.jar:/Library/Java/JavaVirtualMachines/jdk1.8.0_201.jdk/Contents/Home/jre/lib/charsets.jar:/Library/Java/JavaVirtualMachines/jdk1.8.0_201.jdk/Contents/Home/jre/lib/jfr.jar:/Library/Java/JavaVirtualMachines/jdk1.8.0_201.jdk/Contents/Home/jre/classes"/>
    <property name="sun.management.compiler" value="HotSpot 64-Bit Tiered Compilers"/>
    <property name="java.runtime.version" value="1.8.0_201-b09"/>
    <property name="user.name" value="himarora1"/>
    <property name="path.separator" value=":"/>
    <property name="os.version" value="10.13.6"/>
    <property name="java.endorsed.dirs" value="/Library/Java/JavaVirtualMachines/jdk1.8.0_201.jdk/Contents/Home/jre/lib/endorsed"/>
    <property name="java.runtime.name" value="Java(TM) SE Runtime Environment"/>
    <property name="file.encoding" value="UTF-8"/>
    <property name="java.vm.name" value="Java HotSpot(TM) 64-Bit Server VM"/>
    <property name="localRepository" value="/Users/himarora1/.m2/repository"/>
    <property name="java.vendor.url.bug" value="http://bugreport.sun.com/bugreport/"/>
    <property name="java.io.tmpdir" value="/var/folders/wx/7pg1_qfn1qz1b11_8x_0gzcslmysw5/T/"/>
    <property name="java.version" value="1.8.0_201"/>
    <property name="user.dir" value="/Users/himarora1/Downloads/qa-test-hf"/>
    <property name="os.arch" value="x86_64"/>
    <property name="java.vm.specification.name" value="Java Virtual Machine Specification"/>
    <property name="java.awt.printerjob" value="sun.lwawt.macosx.CPrinterJob"/>
    <property name="sun.os.patch.level" value="unknown"/>
    <property name="java.library.path" value="/Users/himarora1/Library/Java/Extensions:/Library/Java/Extensions:/Network/Library/Java/Extensions:/System/Library/Java/Extensions:/usr/lib/java:."/>
    <property name="java.vm.info" value="mixed mode"/>
    <property name="java.vendor" value="Oracle Corporation"/>
    <property name="java.vm.version" value="25.201-b09"/>
    <property name="java.ext.dirs" value="/Users/himarora1/Library/Java/Extensions:/Library/Java/JavaVirtualMachines/jdk1.8.0_201.jdk/Contents/Home/jre/lib/ext:/Library/Java/Extensions:/Network/Library/Java/Extensions:/System/Library/Java/Extensions:/usr/lib/java"/>
    <property name="sun.io.unicode.encoding" value="UnicodeBig"/>
    <property name="java.class.version" value="52.0"/>
  </properties>
  <testcase name="loginInTest" classname="com.hellofresh.challenge.ShoppingPortalLoginTest" time="4.425"/>
  <testcase name="registrationForShoppingPortal" classname="com.hellofresh.challenge.ShoppingPortalRegistrationTest" time="7.145"/>
  <testcase name="orderProcessing_CheckoutTest" classname="com.hellofresh.challenge.ShoppingPortalCheckoutTest" time="15.898"/>
  <testcase name="getAllCountriesAndValidate" classname="com.hellofresh.apitest.GetAllCountriesTest" time="1.995"/>
  <testcase name="getCountryByAlphaCodeAndValidateResponse" classname="com.hellofresh.apitest.GetCountryByAlphaCodeTest" time="0.442"/>
  <testcase name="validateInvalidCountryResponse" classname="com.hellofresh.apitest.GetCountryByNameWithInvalidData" time="0.243"/>
  <testcase name="postCountry" classname="com.hellofresh.apitest.PostCountryTest" time="0.426">
    <failure message="2 expectations failed.&#10;Expected status code &lt;200&gt; but was &lt;404&gt;.&#10;&#10;Expected header &quot;Content-Type&quot; was not &quot;application/json;charset=utf-8&quot;, was &quot;null&quot;. Headers are:&#10;Date=Wed, 09 Oct 2019 19:37:38 GMT&#10;Content-Length=0&#10;Connection=keep-alive&#10;Set-Cookie=__cfduid=d33555071fc0cc1dcba16d5155e8efee51570649858; expires=Thu, 08-Oct-20 19:37:38 GMT; path=/; domain=.restcountries.eu; HttpOnly&#10;Access-Control-Allow-Origin=*&#10;Access-Control-Allow-Methods=GET&#10;Access-Control-Allow-Headers=Accept, X-Requested-With&#10;Cache-Control=public, max-age=86400&#10;CF-Cache-Status=DYNAMIC&#10;Expect-CT=max-age=604800, report-uri=&quot;https://report-uri.cloudflare.com/cdn-cgi/beacon/expect-ct&quot;&#10;Server=cloudflare&#10;CF-RAY=5232cf6ce93ee64c-LHR&#10;" type="java.lang.AssertionError"><![CDATA[java.lang.AssertionError: 
2 expectations failed.
Expected status code <200> but was <404>.

Expected header "Content-Type" was not "application/json;charset=utf-8", was "null". Headers are:
Date=Wed, 09 Oct 2019 19:37:38 GMT
Content-Length=0
Connection=keep-alive
Set-Cookie=__cfduid=d33555071fc0cc1dcba16d5155e8efee51570649858; expires=Thu, 08-Oct-20 19:37:38 GMT; path=/; domain=.restcountries.eu; HttpOnly
Access-Control-Allow-Origin=*
Access-Control-Allow-Methods=GET
Access-Control-Allow-Headers=Accept, X-Requested-With
Cache-Control=public, max-age=86400
CF-Cache-Status=DYNAMIC
Expect-CT=max-age=604800, report-uri="https://report-uri.cloudflare.com/cdn-cgi/beacon/expect-ct"
Server=cloudflare
CF-RAY=5232cf6ce93ee64c-LHR

	at com.hellofresh.apitest.PostCountryTest.postCountry(PostCountryTest.java:40)
]]></failure>
  </testcase>
</testsuite>