<?xml version="1.0" encoding="UTF-8"?>
<!-- Generated by org.testng.reporters.JUnitReportReporter -->
<testsuite skipped="0" hostname="WKMIN4943354" name="com.hellofresh.challenge.ShoppingPortalTests" tests="1" failures="0" timestamp="09 Oct 2019 19:19:43 GMT" time="8.534" errors="0">
  <testcase name="signInTest" time="8.534" classname="com.hellofresh.challenge.ShoppingPortalTests"/>
</testsuite> <!-- com.hellofresh.challenge.ShoppingPortalTests -->
