<?xml version="1.0" encoding="UTF-8"?>
<!-- Generated by org.testng.reporters.JUnitReportReporter -->
<testsuite skipped="0" hostname="WKMIN4943354" name="com.hellofresh.challenge.ShoppingPortalLoginTest" tests="1" failures="0" timestamp="09 Oct 2019 19:23:53 GMT" time="3.997" errors="0">
  <testcase name="loginInTest" time="3.997" classname="com.hellofresh.challenge.ShoppingPortalLoginTest"/>
</testsuite> <!-- com.hellofresh.challenge.ShoppingPortalLoginTest -->
