<?xml version="1.0" encoding="UTF-8"?>
<!-- Generated by org.testng.reporters.JUnitReportReporter -->
<testsuite skipped="0" hostname="WKMIN4943354" name="com.hellofresh.apitest.GetCountryByNameWithInvalidData" tests="1" failures="0" timestamp="09 Oct 2019 18:53:59 GMT" time="0.279" errors="0">
  <testcase name="validateInvalidCountryResponse" time="0.279" classname="com.hellofresh.apitest.GetCountryByNameWithInvalidData"/>
</testsuite> <!-- com.hellofresh.apitest.GetCountryByNameWithInvalidData -->
