<?xml version="1.0" encoding="UTF-8"?>
<!-- Generated by org.testng.reporters.JUnitReportReporter -->
<testsuite skipped="0" hostname="WKMIN4943354" name="com.hellofresh.challenge.ShoppingPortalCheckoutTest" tests="1" failures="0" timestamp="09 Oct 2019 19:23:53 GMT" time="15.095" errors="0">
  <testcase name="orderProcessing_CheckoutTest" time="15.095" classname="com.hellofresh.challenge.ShoppingPortalCheckoutTest"/>
</testsuite> <!-- com.hellofresh.challenge.ShoppingPortalCheckoutTest -->
