<?xml version="1.0" encoding="UTF-8"?>
<!-- Generated by org.testng.reporters.JUnitReportReporter -->
<testsuite skipped="0" hostname="WKMIN4943354" name="com.hellofresh.challenge.ShoppingPortalRegistrationTest" tests="1" failures="0" timestamp="09 Oct 2019 21:48:11 GMT" time="8.142" errors="0">
  <testcase name="registrationForShoppingPortal" time="8.142" classname="com.hellofresh.challenge.ShoppingPortalRegistrationTest"/>
</testsuite> <!-- com.hellofresh.challenge.ShoppingPortalRegistrationTest -->
