<?xml version="1.0" encoding="UTF-8"?>
<!-- Generated by org.testng.reporters.JUnitReportReporter -->
<testsuite skipped="0" hostname="WKMIN4943354" name="com.hellofresh.apitest.GetAllCountriesTest" tests="1" failures="0" timestamp="09 Oct 2019 19:37:38 GMT" time="1.996" errors="0">
  <testcase name="getAllCountriesAndValidate" time="1.996" classname="com.hellofresh.apitest.GetAllCountriesTest"/>
</testsuite> <!-- com.hellofresh.apitest.GetAllCountriesTest -->
